Build started 21-Jan-17 1:25:56.
     1>Project "C:\Users\KKramek\Desktop\Hospital\Hospital\Hospital\Hospital.vcxproj" on node 2 (Build target(s)).
     1>ClCompile:
         C:\Program Files (x86)\Microsoft Visual Studio 12.0\VC\bin\CL.exe /c /ZI /nologo /W3 /WX- /sdl /Od /Oy- /D WIN32 /D _DEBUG /D _CONSOLE /D _LIB /D _UNICODE /D UNICODE /Gm /EHsc /RTC1 /MDd /GS /fp:precise /Zc:wchar_t /Zc:forScope /Yu"stdafx.h" /Fp"Debug\Hospital.pch" /Fo"Debug\\" /Fd"Debug\vc120.pdb" /Gd /TP /analyze- /errorReport:prompt DrugList.cpp Hospital.cpp Menu.cpp Patient.cpp PatientList.cpp Service.cpp
         Service.cpp
         Generating Code...
         Compiling...
         DrugList.cpp
         Generating Code...
         Skipping... (no relevant changes detected)
         PatientList.cpp
         Patient.cpp
         Menu.cpp
         Hospital.cpp
       Link:
         C:\Program Files (x86)\Microsoft Visual Studio 12.0\VC\bin\link.exe /ERRORREPORT:PROMPT /OUT:"C:\Users\KKramek\Desktop\Hospital\Hospital\Debug\Hospital.exe" /INCREMENTAL /NOLOGO kernel32.lib user32.lib gdi32.lib winspool.lib comdlg32.lib advapi32.lib shell32.lib ole32.lib oleaut32.lib uuid.lib odbc32.lib odbccp32.lib /MANIFEST /MANIFESTUAC:"level='asInvoker' uiAccess='false'" /manifest:embed /DEBUG /PDB:"C:\Users\KKramek\Desktop\Hospital\Hospital\Debug\Hospital.pdb" /SUBSYSTEM:CONSOLE /TLBID:1 /DYNAMICBASE /NXCOMPAT /IMPLIB:"C:\Users\KKramek\Desktop\Hospital\Hospital\Debug\Hospital.lib" /MACHINE:X86 Debug\Doctor.obj
         Debug\DoctorList.obj
         Debug\DrugList.obj
         Debug\Hospital.obj
         Debug\Menu.obj
         Debug\Patient.obj
         Debug\PatientList.obj
         Debug\Person.obj
         Debug\Service.obj
         Debug\stdafx.obj
         Debug\Ward.obj
         Debug\WardList.obj
         Hospital.vcxproj -> C:\Users\KKramek\Desktop\Hospital\Hospital\Debug\Hospital.exe
     1>Done Building Project "C:\Users\KKramek\Desktop\Hospital\Hospital\Hospital\Hospital.vcxproj" (Build target(s)).

Build succeeded.

Time Elapsed 00:00:03.93
